<?xml version="1.0" encoding="utf-8"?><testsuites name="pytest tests"><testsuite name="pytest" errors="0" failures="0" skipped="0" tests="10" time="2.918" timestamp="2026-09-20T02:55:23.714803+08:00" hostname="admin123-BATTLE-AX-B760M-PLUS-D5"><testcase classname="tests.lightrag_contract.test_postgres_contract" name="test_workspaces_isolate_same_ids_names_files_text_and_unique_data" time="0.612" /><testcase classname="tests.lightrag_contract.test_postgres_contract" name="test_query_chunk_maps_to_caller_assigned_document_id" time="0.198" /><testcase classname="tests.lightrag_contract.test_postgres_contract" name="test_same_workspace_duplicate_content_has_consistent_provenance" time="0.213" /><testcase classname="tests.lightrag_contract.test_postgres_contract" name="test_deleting_one_shared_source_preserves_other_graph_evidence" time="0.398" /><testcase classname="tests.lightrag_contract.test_postgres_contract" name="test_entity_rename_survives_reopen" time="0.401" /><testcase classname="tests.lightrag_contract.test_postgres_contract" name="test_entity_merge_survives_reopen" time="0.405" /><testcase classname="tests.lightrag_contract.test_postgres_contract" name="test_relation_delete_survives_reopen" time="0.287" /><testcase classname="tests.lightrag_contract.test_sdk_contract" name="test_pinned_lightrag_distribution_is_installed" time="0.001" /><testcase classname="tests.lightrag_contract.test_sdk_contract" name="test_approved_postgres_storage_classes_are_available" time="0.000" /><testcase classname="tests.lightrag_contract.test_sdk_contract" name="test_required_async_sdk_methods_keep_the_approved_parameters" time="0.000" /></testsuite></testsuites>